<?xml version="1.0" encoding="UTF-8"?>
<testsuite xmlns:xsi="http://www.w3.org/2001/XMLSchema-instance" xsi:noNamespaceSchemaLocation="https://maven.apache.org/surefire/maven-surefire-plugin/xsd/surefire-test-report-3.0.xsd" version="3.0" name="com.springboot.cred.CredApplicationTests" time="1.836" tests="1" errors="0" skipped="0" failures="0">
  <properties>
    <property name="http.proxyHost" value="127.0.0.1"/>
    <property name="java.specification.version" value="21"/>
    <property name="sun.jnu.encoding" value="UTF-8"/>
    <property name="java.class.path" value="/Users/sarathjnair/Documents/workspace/github/Nexer_Demo/cred/target/test-classes:/Users/sarathjnair/Documents/workspace/github/Nexer_Demo/cred/target/classes:/Users/sarathjnair/.m2/org/springframework/boot/spring-boot-starter-data-mongodb/3.2.2/spring-boot-starter-data-mongodb-3.2.2.jar:/Users/sarathjnair/.m2/org/springframework/boot/spring-boot-starter/3.2.2/spring-boot-starter-3.2.2.jar:/Users/sarathjnair/.m2/org/springframework/boot/spring-boot/3.2.2/spring-boot-3.2.2.jar:/Users/sarathjnair/.m2/org/springframework/boot/spring-boot-autoconfigure/3.2.2/spring-boot-autoconfigure-3.2.2.jar:/Users/sarathjnair/.m2/org/springframework/boot/spring-boot-starter-logging/3.2.2/spring-boot-starter-logging-3.2.2.jar:/Users/sarathjnair/.m2/ch/qos/logback/logback-classic/1.4.14/logback-classic-1.4.14.jar:/Users/sarathjnair/.m2/ch/qos/logback/logback-core/1.4.14/logback-core-1.4.14.jar:/Users/sarathjnair/.m2/org/apache/logging/log4j/log4j-to-slf4j/2.21.1/log4j-to-slf4j-2.21.1.jar:/Users/sarathjnair/.m2/org/apache/logging/log4j/log4j-api/2.21.1/log4j-api-2.21.1.jar:/Users/sarathjnair/.m2/org/slf4j/jul-to-slf4j/2.0.11/jul-to-slf4j-2.0.11.jar:/Users/sarathjnair/.m2/jakarta/annotation/jakarta.annotation-api/2.1.1/jakarta.annotation-api-2.1.1.jar:/Users/sarathjnair/.m2/org/yaml/snakeyaml/2.2/snakeyaml-2.2.jar:/Users/sarathjnair/.m2/org/mongodb/mongodb-driver-sync/4.11.1/mongodb-driver-sync-4.11.1.jar:/Users/sarathjnair/.m2/org/mongodb/bson/4.11.1/bson-4.11.1.jar:/Users/sarathjnair/.m2/org/mongodb/mongodb-driver-core/4.11.1/mongodb-driver-core-4.11.1.jar:/Users/sarathjnair/.m2/org/mongodb/bson-record-codec/4.11.1/bson-record-codec-4.11.1.jar:/Users/sarathjnair/.m2/org/springframework/data/spring-data-mongodb/4.2.2/spring-data-mongodb-4.2.2.jar:/Users/sarathjnair/.m2/org/springframework/spring-tx/6.1.3/spring-tx-6.1.3.jar:/Users/sarathjnair/.m2/org/springframework/spring-expression/6.1.3/spring-expression-6.1.3.jar:/Users/sarathjnair/.m2/org/springframework/data/spring-data-commons/3.2.2/spring-data-commons-3.2.2.jar:/Users/sarathjnair/.m2/org/slf4j/slf4j-api/2.0.11/slf4j-api-2.0.11.jar:/Users/sarathjnair/.m2/org/springframework/boot/spring-boot-starter-graphql/3.2.2/spring-boot-starter-graphql-3.2.2.jar:/Users/sarathjnair/.m2/org/springframework/boot/spring-boot-starter-json/3.2.2/spring-boot-starter-json-3.2.2.jar:/Users/sarathjnair/.m2/com/fasterxml/jackson/core/jackson-databind/2.15.3/jackson-databind-2.15.3.jar:/Users/sarathjnair/.m2/com/fasterxml/jackson/core/jackson-annotations/2.15.3/jackson-annotations-2.15.3.jar:/Users/sarathjnair/.m2/com/fasterxml/jackson/core/jackson-core/2.15.3/jackson-core-2.15.3.jar:/Users/sarathjnair/.m2/com/fasterxml/jackson/datatype/jackson-datatype-jdk8/2.15.3/jackson-datatype-jdk8-2.15.3.jar:/Users/sarathjnair/.m2/com/fasterxml/jackson/datatype/jackson-datatype-jsr310/2.15.3/jackson-datatype-jsr310-2.15.3.jar:/Users/sarathjnair/.m2/com/fasterxml/jackson/module/jackson-module-parameter-names/2.15.3/jackson-module-parameter-names-2.15.3.jar:/Users/sarathjnair/.m2/org/springframework/graphql/spring-graphql/1.2.4/spring-graphql-1.2.4.jar:/Users/sarathjnair/.m2/io/micrometer/context-propagation/1.0.6/context-propagation-1.0.6.jar:/Users/sarathjnair/.m2/org/springframework/boot/spring-boot-starter-web/3.2.2/spring-boot-starter-web-3.2.2.jar:/Users/sarathjnair/.m2/org/springframework/boot/spring-boot-starter-tomcat/3.2.2/spring-boot-starter-tomcat-3.2.2.jar:/Users/sarathjnair/.m2/org/apache/tomcat/embed/tomcat-embed-core/10.1.18/tomcat-embed-core-10.1.18.jar:/Users/sarathjnair/.m2/org/apache/tomcat/embed/tomcat-embed-el/10.1.18/tomcat-embed-el-10.1.18.jar:/Users/sarathjnair/.m2/org/apache/tomcat/embed/tomcat-embed-websocket/10.1.18/tomcat-embed-websocket-10.1.18.jar:/Users/sarathjnair/.m2/org/springframework/spring-web/6.1.3/spring-web-6.1.3.jar:/Users/sarathjnair/.m2/io/micrometer/micrometer-observation/1.12.2/micrometer-observation-1.12.2.jar:/Users/sarathjnair/.m2/io/micrometer/micrometer-commons/1.12.2/micrometer-commons-1.12.2.jar:/Users/sarathjnair/.m2/org/springframework/spring-webmvc/6.1.3/spring-webmvc-6.1.3.jar:/Users/sarathjnair/.m2/org/springframework/spring-aop/6.1.3/spring-aop-6.1.3.jar:/Users/sarathjnair/.m2/org/projectlombok/lombok/1.18.30/lombok-1.18.30.jar:/Users/sarathjnair/.m2/org/springframework/boot/spring-boot-starter-test/3.2.2/spring-boot-starter-test-3.2.2.jar:/Users/sarathjnair/.m2/org/springframework/boot/spring-boot-test/3.2.2/spring-boot-test-3.2.2.jar:/Users/sarathjnair/.m2/org/springframework/boot/spring-boot-test-autoconfigure/3.2.2/spring-boot-test-autoconfigure-3.2.2.jar:/Users/sarathjnair/.m2/com/jayway/jsonpath/json-path/2.8.0/json-path-2.8.0.jar:/Users/sarathjnair/.m2/jakarta/xml/bind/jakarta.xml.bind-api/4.0.1/jakarta.xml.bind-api-4.0.1.jar:/Users/sarathjnair/.m2/jakarta/activation/jakarta.activation-api/2.1.2/jakarta.activation-api-2.1.2.jar:/Users/sarathjnair/.m2/net/minidev/json-smart/2.5.0/json-smart-2.5.0.jar:/Users/sarathjnair/.m2/net/minidev/accessors-smart/2.5.0/accessors-smart-2.5.0.jar:/Users/sarathjnair/.m2/org/ow2/asm/asm/9.3/asm-9.3.jar:/Users/sarathjnair/.m2/org/assertj/assertj-core/3.24.2/assertj-core-3.24.2.jar:/Users/sarathjnair/.m2/net/bytebuddy/byte-buddy/1.14.11/byte-buddy-1.14.11.jar:/Users/sarathjnair/.m2/org/awaitility/awaitility/4.2.0/awaitility-4.2.0.jar:/Users/sarathjnair/.m2/org/hamcrest/hamcrest/2.2/hamcrest-2.2.jar:/Users/sarathjnair/.m2/org/junit/jupiter/junit-jupiter/5.10.1/junit-jupiter-5.10.1.jar:/Users/sarathjnair/.m2/org/junit/jupiter/junit-jupiter-api/5.10.1/junit-jupiter-api-5.10.1.jar:/Users/sarathjnair/.m2/org/opentest4j/opentest4j/1.3.0/opentest4j-1.3.0.jar:/Users/sarathjnair/.m2/org/junit/platform/junit-platform-commons/1.10.1/junit-platform-commons-1.10.1.jar:/Users/sarathjnair/.m2/org/apiguardian/apiguardian-api/1.1.2/apiguardian-api-1.1.2.jar:/Users/sarathjnair/.m2/org/junit/jupiter/junit-jupiter-params/5.10.1/junit-jupiter-params-5.10.1.jar:/Users/sarathjnair/.m2/org/junit/jupiter/junit-jupiter-engine/5.10.1/junit-jupiter-engine-5.10.1.jar:/Users/sarathjnair/.m2/org/junit/platform/junit-platform-engine/1.10.1/junit-platform-engine-1.10.1.jar:/Users/sarathjnair/.m2/org/mockito/mockito-core/5.7.0/mockito-core-5.7.0.jar:/Users/sarathjnair/.m2/net/bytebuddy/byte-buddy-agent/1.14.11/byte-buddy-agent-1.14.11.jar:/Users/sarathjnair/.m2/org/objenesis/objenesis/3.3/objenesis-3.3.jar:/Users/sarathjnair/.m2/org/mockito/mockito-junit-jupiter/5.7.0/mockito-junit-jupiter-5.7.0.jar:/Users/sarathjnair/.m2/org/skyscreamer/jsonassert/1.5.1/jsonassert-1.5.1.jar:/Users/sarathjnair/.m2/com/vaadin/external/google/android-json/0.0.20131108.vaadin1/android-json-0.0.20131108.vaadin1.jar:/Users/sarathjnair/.m2/org/springframework/spring-core/6.1.3/spring-core-6.1.3.jar:/Users/sarathjnair/.m2/org/springframework/spring-jcl/6.1.3/spring-jcl-6.1.3.jar:/Users/sarathjnair/.m2/org/springframework/spring-test/6.1.3/spring-test-6.1.3.jar:/Users/sarathjnair/.m2/org/xmlunit/xmlunit-core/2.9.1/xmlunit-core-2.9.1.jar:/Users/sarathjnair/.m2/org/springframework/spring-webflux/6.1.3/spring-webflux-6.1.3.jar:/Users/sarathjnair/.m2/org/springframework/spring-beans/6.1.3/spring-beans-6.1.3.jar:/Users/sarathjnair/.m2/io/projectreactor/reactor-core/3.6.2/reactor-core-3.6.2.jar:/Users/sarathjnair/.m2/org/reactivestreams/reactive-streams/1.0.4/reactive-streams-1.0.4.jar:/Users/sarathjnair/.m2/org/springframework/graphql/spring-graphql-test/1.2.4/spring-graphql-test-1.2.4.jar:/Users/sarathjnair/.m2/com/graphql-java/graphql-java/21.3/graphql-java-21.3.jar:/Users/sarathjnair/.m2/com/graphql-java/java-dataloader/3.2.1/java-dataloader-3.2.1.jar:/Users/sarathjnair/.m2/org/springframework/spring-context/6.1.3/spring-context-6.1.3.jar:"/>
    <property name="https.proxyPort" value="50572"/>
    <property name="java.vm.vendor" value="Eclipse Adoptium"/>
    <property name="sun.arch.data.model" value="64"/>
    <property name="java.vendor.url" value="https://adoptium.net/"/>
    <property name="user.timezone" value="Europe/Stockholm"/>
    <property name="os.name" value="Mac OS X"/>
    <property name="java.vm.specification.version" value="21"/>
    <property name="sun.java.launcher" value="SUN_STANDARD"/>
    <property name="user.country" value="SE"/>
    <property name="sun.boot.library.path" value="/Library/Java/JavaVirtualMachines/temurin-21.jdk/Contents/Home/lib"/>
    <property name="sun.java.command" value="/Users/sarathjnair/Documents/workspace/github/Nexer_Demo/cred/target/surefire/surefirebooter-20240222105140423_3.jar /Users/sarathjnair/Documents/workspace/github/Nexer_Demo/cred/target/surefire 2024-02-22T10-51-40_288-jvmRun1 surefire-20240222105140423_1tmp surefire_0-20240222105140423_2tmp"/>
    <property name="jdk.debug" value="release"/>
    <property name="surefire.test.class.path" value="/Users/sarathjnair/Documents/workspace/github/Nexer_Demo/cred/target/test-classes:/Users/sarathjnair/Documents/workspace/github/Nexer_Demo/cred/target/classes:/Users/sarathjnair/.m2/org/springframework/boot/spring-boot-starter-data-mongodb/3.2.2/spring-boot-starter-data-mongodb-3.2.2.jar:/Users/sarathjnair/.m2/org/springframework/boot/spring-boot-starter/3.2.2/spring-boot-starter-3.2.2.jar:/Users/sarathjnair/.m2/org/springframework/boot/spring-boot/3.2.2/spring-boot-3.2.2.jar:/Users/sarathjnair/.m2/org/springframework/boot/spring-boot-autoconfigure/3.2.2/spring-boot-autoconfigure-3.2.2.jar:/Users/sarathjnair/.m2/org/springframework/boot/spring-boot-starter-logging/3.2.2/spring-boot-starter-logging-3.2.2.jar:/Users/sarathjnair/.m2/ch/qos/logback/logback-classic/1.4.14/logback-classic-1.4.14.jar:/Users/sarathjnair/.m2/ch/qos/logback/logback-core/1.4.14/logback-core-1.4.14.jar:/Users/sarathjnair/.m2/org/apache/logging/log4j/log4j-to-slf4j/2.21.1/log4j-to-slf4j-2.21.1.jar:/Users/sarathjnair/.m2/org/apache/logging/log4j/log4j-api/2.21.1/log4j-api-2.21.1.jar:/Users/sarathjnair/.m2/org/slf4j/jul-to-slf4j/2.0.11/jul-to-slf4j-2.0.11.jar:/Users/sarathjnair/.m2/jakarta/annotation/jakarta.annotation-api/2.1.1/jakarta.annotation-api-2.1.1.jar:/Users/sarathjnair/.m2/org/yaml/snakeyaml/2.2/snakeyaml-2.2.jar:/Users/sarathjnair/.m2/org/mongodb/mongodb-driver-sync/4.11.1/mongodb-driver-sync-4.11.1.jar:/Users/sarathjnair/.m2/org/mongodb/bson/4.11.1/bson-4.11.1.jar:/Users/sarathjnair/.m2/org/mongodb/mongodb-driver-core/4.11.1/mongodb-driver-core-4.11.1.jar:/Users/sarathjnair/.m2/org/mongodb/bson-record-codec/4.11.1/bson-record-codec-4.11.1.jar:/Users/sarathjnair/.m2/org/springframework/data/spring-data-mongodb/4.2.2/spring-data-mongodb-4.2.2.jar:/Users/sarathjnair/.m2/org/springframework/spring-tx/6.1.3/spring-tx-6.1.3.jar:/Users/sarathjnair/.m2/org/springframework/spring-expression/6.1.3/spring-expression-6.1.3.jar:/Users/sarathjnair/.m2/org/springframework/data/spring-data-commons/3.2.2/spring-data-commons-3.2.2.jar:/Users/sarathjnair/.m2/org/slf4j/slf4j-api/2.0.11/slf4j-api-2.0.11.jar:/Users/sarathjnair/.m2/org/springframework/boot/spring-boot-starter-graphql/3.2.2/spring-boot-starter-graphql-3.2.2.jar:/Users/sarathjnair/.m2/org/springframework/boot/spring-boot-starter-json/3.2.2/spring-boot-starter-json-3.2.2.jar:/Users/sarathjnair/.m2/com/fasterxml/jackson/core/jackson-databind/2.15.3/jackson-databind-2.15.3.jar:/Users/sarathjnair/.m2/com/fasterxml/jackson/core/jackson-annotations/2.15.3/jackson-annotations-2.15.3.jar:/Users/sarathjnair/.m2/com/fasterxml/jackson/core/jackson-core/2.15.3/jackson-core-2.15.3.jar:/Users/sarathjnair/.m2/com/fasterxml/jackson/datatype/jackson-datatype-jdk8/2.15.3/jackson-datatype-jdk8-2.15.3.jar:/Users/sarathjnair/.m2/com/fasterxml/jackson/datatype/jackson-datatype-jsr310/2.15.3/jackson-datatype-jsr310-2.15.3.jar:/Users/sarathjnair/.m2/com/fasterxml/jackson/module/jackson-module-parameter-names/2.15.3/jackson-module-parameter-names-2.15.3.jar:/Users/sarathjnair/.m2/org/springframework/graphql/spring-graphql/1.2.4/spring-graphql-1.2.4.jar:/Users/sarathjnair/.m2/io/micrometer/context-propagation/1.0.6/context-propagation-1.0.6.jar:/Users/sarathjnair/.m2/org/springframework/boot/spring-boot-starter-web/3.2.2/spring-boot-starter-web-3.2.2.jar:/Users/sarathjnair/.m2/org/springframework/boot/spring-boot-starter-tomcat/3.2.2/spring-boot-starter-tomcat-3.2.2.jar:/Users/sarathjnair/.m2/org/apache/tomcat/embed/tomcat-embed-core/10.1.18/tomcat-embed-core-10.1.18.jar:/Users/sarathjnair/.m2/org/apache/tomcat/embed/tomcat-embed-el/10.1.18/tomcat-embed-el-10.1.18.jar:/Users/sarathjnair/.m2/org/apache/tomcat/embed/tomcat-embed-websocket/10.1.18/tomcat-embed-websocket-10.1.18.jar:/Users/sarathjnair/.m2/org/springframework/spring-web/6.1.3/spring-web-6.1.3.jar:/Users/sarathjnair/.m2/io/micrometer/micrometer-observation/1.12.2/micrometer-observation-1.12.2.jar:/Users/sarathjnair/.m2/io/micrometer/micrometer-commons/1.12.2/micrometer-commons-1.12.2.jar:/Users/sarathjnair/.m2/org/springframework/spring-webmvc/6.1.3/spring-webmvc-6.1.3.jar:/Users/sarathjnair/.m2/org/springframework/spring-aop/6.1.3/spring-aop-6.1.3.jar:/Users/sarathjnair/.m2/org/projectlombok/lombok/1.18.30/lombok-1.18.30.jar:/Users/sarathjnair/.m2/org/springframework/boot/spring-boot-starter-test/3.2.2/spring-boot-starter-test-3.2.2.jar:/Users/sarathjnair/.m2/org/springframework/boot/spring-boot-test/3.2.2/spring-boot-test-3.2.2.jar:/Users/sarathjnair/.m2/org/springframework/boot/spring-boot-test-autoconfigure/3.2.2/spring-boot-test-autoconfigure-3.2.2.jar:/Users/sarathjnair/.m2/com/jayway/jsonpath/json-path/2.8.0/json-path-2.8.0.jar:/Users/sarathjnair/.m2/jakarta/xml/bind/jakarta.xml.bind-api/4.0.1/jakarta.xml.bind-api-4.0.1.jar:/Users/sarathjnair/.m2/jakarta/activation/jakarta.activation-api/2.1.2/jakarta.activation-api-2.1.2.jar:/Users/sarathjnair/.m2/net/minidev/json-smart/2.5.0/json-smart-2.5.0.jar:/Users/sarathjnair/.m2/net/minidev/accessors-smart/2.5.0/accessors-smart-2.5.0.jar:/Users/sarathjnair/.m2/org/ow2/asm/asm/9.3/asm-9.3.jar:/Users/sarathjnair/.m2/org/assertj/assertj-core/3.24.2/assertj-core-3.24.2.jar:/Users/sarathjnair/.m2/net/bytebuddy/byte-buddy/1.14.11/byte-buddy-1.14.11.jar:/Users/sarathjnair/.m2/org/awaitility/awaitility/4.2.0/awaitility-4.2.0.jar:/Users/sarathjnair/.m2/org/hamcrest/hamcrest/2.2/hamcrest-2.2.jar:/Users/sarathjnair/.m2/org/junit/jupiter/junit-jupiter/5.10.1/junit-jupiter-5.10.1.jar:/Users/sarathjnair/.m2/org/junit/jupiter/junit-jupiter-api/5.10.1/junit-jupiter-api-5.10.1.jar:/Users/sarathjnair/.m2/org/opentest4j/opentest4j/1.3.0/opentest4j-1.3.0.jar:/Users/sarathjnair/.m2/org/junit/platform/junit-platform-commons/1.10.1/junit-platform-commons-1.10.1.jar:/Users/sarathjnair/.m2/org/apiguardian/apiguardian-api/1.1.2/apiguardian-api-1.1.2.jar:/Users/sarathjnair/.m2/org/junit/jupiter/junit-jupiter-params/5.10.1/junit-jupiter-params-5.10.1.jar:/Users/sarathjnair/.m2/org/junit/jupiter/junit-jupiter-engine/5.10.1/junit-jupiter-engine-5.10.1.jar:/Users/sarathjnair/.m2/org/junit/platform/junit-platform-engine/1.10.1/junit-platform-engine-1.10.1.jar:/Users/sarathjnair/.m2/org/mockito/mockito-core/5.7.0/mockito-core-5.7.0.jar:/Users/sarathjnair/.m2/net/bytebuddy/byte-buddy-agent/1.14.11/byte-buddy-agent-1.14.11.jar:/Users/sarathjnair/.m2/org/objenesis/objenesis/3.3/objenesis-3.3.jar:/Users/sarathjnair/.m2/org/mockito/mockito-junit-jupiter/5.7.0/mockito-junit-jupiter-5.7.0.jar:/Users/sarathjnair/.m2/org/skyscreamer/jsonassert/1.5.1/jsonassert-1.5.1.jar:/Users/sarathjnair/.m2/com/vaadin/external/google/android-json/0.0.20131108.vaadin1/android-json-0.0.20131108.vaadin1.jar:/Users/sarathjnair/.m2/org/springframework/spring-core/6.1.3/spring-core-6.1.3.jar:/Users/sarathjnair/.m2/org/springframework/spring-jcl/6.1.3/spring-jcl-6.1.3.jar:/Users/sarathjnair/.m2/org/springframework/spring-test/6.1.3/spring-test-6.1.3.jar:/Users/sarathjnair/.m2/org/xmlunit/xmlunit-core/2.9.1/xmlunit-core-2.9.1.jar:/Users/sarathjnair/.m2/org/springframework/spring-webflux/6.1.3/spring-webflux-6.1.3.jar:/Users/sarathjnair/.m2/org/springframework/spring-beans/6.1.3/spring-beans-6.1.3.jar:/Users/sarathjnair/.m2/io/projectreactor/reactor-core/3.6.2/reactor-core-3.6.2.jar:/Users/sarathjnair/.m2/org/reactivestreams/reactive-streams/1.0.4/reactive-streams-1.0.4.jar:/Users/sarathjnair/.m2/org/springframework/graphql/spring-graphql-test/1.2.4/spring-graphql-test-1.2.4.jar:/Users/sarathjnair/.m2/com/graphql-java/graphql-java/21.3/graphql-java-21.3.jar:/Users/sarathjnair/.m2/com/graphql-java/java-dataloader/3.2.1/java-dataloader-3.2.1.jar:/Users/sarathjnair/.m2/org/springframework/spring-context/6.1.3/spring-context-6.1.3.jar:"/>
    <property name="sun.cpu.endian" value="little"/>
    <property name="user.home" value="/Users/sarathjnair"/>
    <property name="user.language" value="en"/>
    <property name="java.specification.vendor" value="Oracle Corporation"/>
    <property name="java.version.date" value="2023-10-17"/>
    <property name="java.home" value="/Library/Java/JavaVirtualMachines/temurin-21.jdk/Contents/Home"/>
    <property name="file.separator" value="/"/>
    <property name="https.proxyHost" value="127.0.0.1"/>
    <property name="basedir" value="/Users/sarathjnair/Documents/workspace/github/Nexer_Demo/cred"/>
    <property name="java.vm.compressedOopsMode" value="Zero based"/>
    <property name="line.separator" value="&#10;"/>
    <property name="java.vm.specification.vendor" value="Oracle Corporation"/>
    <property name="java.specification.name" value="Java Platform API Specification"/>
    <property name="FILE_LOG_CHARSET" value="UTF-8"/>
    <property name="java.awt.headless" value="true"/>
    <property name="apple.awt.application.name" value="ForkedBooter"/>
    <property name="surefire.real.class.path" value="/Users/sarathjnair/Documents/workspace/github/Nexer_Demo/cred/target/surefire/surefirebooter-20240222105140423_3.jar"/>
    <property name="sun.management.compiler" value="HotSpot 64-Bit Tiered Compilers"/>
    <property name="java.runtime.version" value="21.0.1+12-LTS"/>
    <property name="user.name" value="sarathjnair"/>
    <property name="stdout.encoding" value="UTF-8"/>
    <property name="path.separator" value=":"/>
    <property name="os.version" value="14.3.1"/>
    <property name="java.runtime.name" value="OpenJDK Runtime Environment"/>
    <property name="file.encoding" value="UTF-8"/>
    <property name="java.vm.name" value="OpenJDK 64-Bit Server VM"/>
    <property name="java.vendor.version" value="Temurin-21.0.1+12"/>
    <property name="localRepository" value="/Users/sarathjnair/.m2"/>
    <property name="java.vendor.url.bug" value="https://github.com/adoptium/adoptium-support/issues"/>
    <property name="java.io.tmpdir" value="/var/folders/tz/k2c9hbb970s39pyspp0rj8vr0000gn/T/"/>
    <property name="java.version" value="21.0.1"/>
    <property name="user.dir" value="/Users/sarathjnair/Documents/workspace/github/Nexer_Demo/cred"/>
    <property name="os.arch" value="aarch64"/>
    <property name="java.vm.specification.name" value="Java Virtual Machine Specification"/>
    <property name="PID" value="63083"/>
    <property name="CONSOLE_LOG_CHARSET" value="UTF-8"/>
    <property name="native.encoding" value="UTF-8"/>
    <property name="java.library.path" value="/Users/sarathjnair/Library/Java/Extensions:/Library/Java/Extensions:/Network/Library/Java/Extensions:/System/Library/Java/Extensions:/usr/lib/java:."/>
    <property name="java.vm.info" value="mixed mode"/>
    <property name="stderr.encoding" value="UTF-8"/>
    <property name="java.vendor" value="Eclipse Adoptium"/>
    <property name="java.vm.version" value="21.0.1+12-LTS"/>
    <property name="sun.io.unicode.encoding" value="UnicodeBig"/>
    <property name="java.class.version" value="65.0"/>
    <property name="http.proxyPort" value="50572"/>
  </properties>
  <testcase name="contextLoads" classname="com.springboot.cred.CredApplicationTests" time="0.595">
    <system-out><![CDATA[10:51:41.061 [main] INFO org.springframework.test.context.support.AnnotationConfigContextLoaderUtils -- Could not detect default configuration classes for test class [com.springboot.cred.CredApplicationTests]: CredApplicationTests does not declare any static, non-private, non-final, nested classes annotated with @Configuration.
10:51:41.113 [main] INFO org.springframework.boot.test.context.SpringBootTestContextBootstrapper -- Found @SpringBootConfiguration com.springboot.cred.CredApplication for test class com.springboot.cred.CredApplicationTests

  .   ____          _            __ _ _
 /\\ / ___'_ __ _ _(_)_ __  __ _ \ \ \ \
( ( )\___ | '_ | '_| | '_ \/ _` | \ \ \ \
 \\/  ___)| |_)| | | | | || (_| |  ) ) ) )
  '  |____| .__|_| |_|_| |_\__, | / / / /
 =========|_|==============|___/=/_/_/_/
 :: Spring Boot ::                (v3.2.2)

2024-02-22T10:51:41.305+01:00  INFO 63083 --- [           main] c.springboot.cred.CredApplicationTests   : Starting CredApplicationTests using Java 21.0.1 with PID 63083 (started by sarathjnair in /Users/sarathjnair/Documents/workspace/github/Nexer_Demo/cred)
2024-02-22T10:51:41.306+01:00  INFO 63083 --- [           main] c.springboot.cred.CredApplicationTests   : No active profile set, falling back to 1 default profile: "default"
2024-02-22T10:51:41.596+01:00  INFO 63083 --- [           main] .s.d.r.c.RepositoryConfigurationDelegate : Bootstrapping Spring Data MongoDB repositories in DEFAULT mode.
2024-02-22T10:51:41.605+01:00  INFO 63083 --- [           main] .s.d.r.c.RepositoryConfigurationDelegate : Finished Spring Data repository scanning in 6 ms. Found 0 MongoDB repository interfaces.
2024-02-22T10:51:42.055+01:00  INFO 63083 --- [           main] org.mongodb.driver.client                : MongoClient with metadata {"driver": {"name": "mongo-java-driver|sync|spring-boot", "version": "4.11.1"}, "os": {"type": "Darwin", "name": "Mac OS X", "architecture": "aarch64", "version": "14.3.1"}, "platform": "Java/Eclipse Adoptium/21.0.1+12-LTS"} created with settings MongoClientSettings{readPreference=primary, writeConcern=WriteConcern{w=null, wTimeout=null ms, journal=null}, retryWrites=true, retryReads=true, readConcern=ReadConcern{level=null}, credential=null, transportSettings=null, streamFactoryFactory=null, commandListeners=[], codecRegistry=ProvidersCodecRegistry{codecProviders=[ValueCodecProvider{}, BsonValueCodecProvider{}, DBRefCodecProvider{}, DBObjectCodecProvider{}, DocumentCodecProvider{}, CollectionCodecProvider{}, IterableCodecProvider{}, MapCodecProvider{}, GeoJsonCodecProvider{}, GridFSFileCodecProvider{}, Jsr310CodecProvider{}, JsonObjectCodecProvider{}, BsonCodecProvider{}, EnumCodecProvider{}, com.mongodb.client.model.mql.ExpressionCodecProvider@3079c26a, com.mongodb.Jep395RecordCodecProvider@1e2445f6, com.mongodb.KotlinCodecProvider@17ec335a]}, loggerSettings=LoggerSettings{maxDocumentLength=1000}, clusterSettings={hosts=[localhost:27017], srvServiceName=mongodb, mode=SINGLE, requiredClusterType=UNKNOWN, requiredReplicaSetName='null', serverSelector='null', clusterListeners='[]', serverSelectionTimeout='30000 ms', localThreshold='15 ms'}, socketSettings=SocketSettings{connectTimeoutMS=10000, readTimeoutMS=0, receiveBufferSize=0, proxySettings=ProxySettings{host=null, port=null, username=null, password=null}}, heartbeatSocketSettings=SocketSettings{connectTimeoutMS=10000, readTimeoutMS=10000, receiveBufferSize=0, proxySettings=ProxySettings{host=null, port=null, username=null, password=null}}, connectionPoolSettings=ConnectionPoolSettings{maxSize=100, minSize=0, maxWaitTimeMS=120000, maxConnectionLifeTimeMS=0, maxConnectionIdleTimeMS=0, maintenanceInitialDelayMS=0, maintenanceFrequencyMS=60000, connectionPoolListeners=[], maxConnecting=2}, serverSettings=ServerSettings{heartbeatFrequencyMS=10000, minHeartbeatFrequencyMS=500, serverListeners='[]', serverMonitorListeners='[]'}, sslSettings=SslSettings{enabled=false, invalidHostNameAllowed=false, context=null}, applicationName='null', compressorList=[], uuidRepresentation=JAVA_LEGACY, serverApi=null, autoEncryptionSettings=null, dnsClient=null, inetAddressResolver=null, contextProvider=null}
2024-02-22T10:51:42.096+01:00  INFO 63083 --- [localhost:27017] org.mongodb.driver.cluster               : Exception in monitor thread while connecting to server localhost:27017

com.mongodb.MongoSocketOpenException: Exception opening socket
	at com.mongodb.internal.connection.SocketStream.lambda$open$0(SocketStream.java:84) ~[mongodb-driver-core-4.11.1.jar:na]
	at java.base/java.util.Optional.orElseThrow(Optional.java:403) ~[na:na]
	at com.mongodb.internal.connection.SocketStream.open(SocketStream.java:84) ~[mongodb-driver-core-4.11.1.jar:na]
	at com.mongodb.internal.connection.InternalStreamConnection.open(InternalStreamConnection.java:211) ~[mongodb-driver-core-4.11.1.jar:na]
	at com.mongodb.internal.connection.DefaultServerMonitor$ServerMonitorRunnable.lookupServerDescription(DefaultServerMonitor.java:196) ~[mongodb-driver-core-4.11.1.jar:na]
	at com.mongodb.internal.connection.DefaultServerMonitor$ServerMonitorRunnable.run(DefaultServerMonitor.java:156) ~[mongodb-driver-core-4.11.1.jar:na]
	at java.base/java.lang.Thread.run(Thread.java:1583) ~[na:na]
Caused by: java.net.ConnectException: Connection refused
	at java.base/sun.nio.ch.Net.pollConnect(Native Method) ~[na:na]
	at java.base/sun.nio.ch.Net.pollConnectNow(Net.java:682) ~[na:na]
	at java.base/sun.nio.ch.NioSocketImpl.timedFinishConnect(NioSocketImpl.java:542) ~[na:na]
	at java.base/sun.nio.ch.NioSocketImpl.connect(NioSocketImpl.java:592) ~[na:na]
	at java.base/java.net.SocksSocketImpl.connect(SocksSocketImpl.java:327) ~[na:na]
	at java.base/java.net.Socket.connect(Socket.java:751) ~[na:na]
	at com.mongodb.internal.connection.SocketStreamHelper.initialize(SocketStreamHelper.java:76) ~[mongodb-driver-core-4.11.1.jar:na]
	at com.mongodb.internal.connection.SocketStream.initializeSocket(SocketStream.java:104) ~[mongodb-driver-core-4.11.1.jar:na]
	at com.mongodb.internal.connection.SocketStream.open(SocketStream.java:78) ~[mongodb-driver-core-4.11.1.jar:na]
	... 4 common frames omitted

2024-02-22T10:51:42.159+01:00  INFO 63083 --- [           main] c.springboot.cred.CredApplicationTests   : Started CredApplicationTests in 0.96 seconds (process running for 1.632)
]]></system-out>
    <system-err><![CDATA[WARNING: A Java agent has been loaded dynamically (/Users/sarathjnair/.m2/net/bytebuddy/byte-buddy-agent/1.14.11/byte-buddy-agent-1.14.11.jar)
WARNING: If a serviceability tool is in use, please run with -XX:+EnableDynamicAgentLoading to hide this warning
WARNING: If a serviceability tool is not in use, please run with -Djdk.instrument.traceUsage for more information
WARNING: Dynamic loading of agents will be disallowed by default in a future release
]]></system-err>
  </testcase>
</testsuite>